<?xml version="1.0" encoding="UTF-8"?>
<testng-results skipped="4" failed="0" total="4" passed="0">
  <reporter-output>
  </reporter-output>
  <suite name="Automation Suite-1" duration-ms="11736" started-at="2020-09-30T11:02:47Z" finished-at="2020-09-30T11:02:59Z">
    <groups>
    </groups>
    <test name="SPAPI number Test" duration-ms="11330" started-at="2020-09-30T11:02:47Z" finished-at="2020-09-30T11:02:59Z">
      <class name="tests.AWSCallingClass">
        <test-method status="FAIL" signature="setUp(java.lang.String, java.lang.String, java.lang.String)[pri:0, instance:tests.AWSCallingClass@646be2c3]" name="setUp" is-config="true" duration-ms="0" started-at="2020-09-30T16:32:47Z" finished-at="2020-09-30T16:32:47Z">
          <params>
            <param index="0">
              <value>
                <![CDATA[chrome]]>
              </value>
            </param>
            <param index="1">
              <value>
                <![CDATA[ggarde]]>
              </value>
            </param>
            <param index="2">
              <value>
                <![CDATA[ChangeMe1]]>
              </value>
            </param>
          </params>
          <exception class="java.lang.NullPointerException">
            <full-stacktrace>
              <![CDATA[java.lang.NullPointerException
	at pom.Calling.launchAWS(Calling.java:74)
	at tests.AWSCallingClass.setUPAWS(AWSCallingClass.java:25)
	at tests.TestBase.setUp(TestBase.java:124)
	at sun.reflect.NativeMethodAccessorImpl.invoke0(Native Method)
	at sun.reflect.NativeMethodAccessorImpl.invoke(NativeMethodAccessorImpl.java:62)
	at sun.reflect.DelegatingMethodAccessorImpl.invoke(DelegatingMethodAccessorImpl.java:43)
	at java.lang.reflect.Method.invoke(Method.java:498)
	at org.testng.internal.MethodInvocationHelper.invokeMethod(MethodInvocationHelper.java:86)
	at org.testng.internal.Invoker.invokeConfigurationMethod(Invoker.java:514)
	at org.testng.internal.Invoker.invokeConfigurations(Invoker.java:215)
	at org.testng.internal.Invoker.invokeConfigurations(Invoker.java:142)
	at org.testng.TestRunner.beforeRun(TestRunner.java:656)
	at org.testng.TestRunner.run(TestRunner.java:624)
	at org.testng.SuiteRunner.runTest(SuiteRunner.java:366)
	at org.testng.SuiteRunner.access$000(SuiteRunner.java:39)
	at org.testng.SuiteRunner$SuiteWorker.run(SuiteRunner.java:400)
	at org.testng.internal.thread.ThreadUtil$2.call(ThreadUtil.java:64)
	at java.util.concurrent.FutureTask.run(FutureTask.java:266)
	at java.util.concurrent.ThreadPoolExecutor.runWorker(ThreadPoolExecutor.java:1149)
	at java.util.concurrent.ThreadPoolExecutor$Worker.run(ThreadPoolExecutor.java:624)
	at java.lang.Thread.run(Thread.java:748)
]]>
            </full-stacktrace>
          </exception> <!-- java.lang.NullPointerException -->
          <reporter-output>
          </reporter-output>
        </test-method> <!-- setUp -->
        <test-method status="SKIP" signature="shoutPointNumberCall()[pri:0, instance:tests.AWSCallingClass@646be2c3]" name="shoutPointNumberCall" duration-ms="2" started-at="2020-09-30T16:32:58Z" finished-at="2020-09-30T16:32:58Z">
          <reporter-output>
          </reporter-output>
        </test-method> <!-- shoutPointNumberCall -->
        <test-method status="SKIP" signature="shoutPointNumberCall()[pri:0, instance:tests.AWSCallingClass@646be2c3]" name="shoutPointNumberCall" duration-ms="1" started-at="2020-09-30T16:32:59Z" finished-at="2020-09-30T16:32:59Z">
          <reporter-output>
          </reporter-output>
        </test-method> <!-- shoutPointNumberCall -->
        <test-method status="SKIP" signature="tearDown()[pri:0, instance:tests.AWSCallingClass@646be2c3]" name="tearDown" is-config="true" duration-ms="0" started-at="2020-09-30T16:32:59Z" finished-at="2020-09-30T16:32:59Z">
          <reporter-output>
          </reporter-output>
        </test-method> <!-- tearDown -->
      </class> <!-- tests.AWSCallingClass -->
    </test> <!-- SPAPI number Test -->
    <test name="SIP number test" duration-ms="11729" started-at="2020-09-30T11:02:47Z" finished-at="2020-09-30T11:02:59Z">
      <class name="tests.AWSCallingClass">
        <test-method status="PASS" signature="testSetUp()[pri:0, instance:tests.AWSCallingClass@4450d156]" name="testSetUp" is-config="true" duration-ms="17" started-at="2020-09-30T16:32:47Z" finished-at="2020-09-30T16:32:47Z">
          <reporter-output>
          </reporter-output>
        </test-method> <!-- testSetUp -->
        <test-method status="FAIL" signature="setUp(java.lang.String, java.lang.String, java.lang.String)[pri:0, instance:tests.AWSCallingClass@4450d156]" name="setUp" is-config="true" duration-ms="0" started-at="2020-09-30T16:32:47Z" finished-at="2020-09-30T16:32:47Z">
          <params>
            <param index="0">
              <value>
                <![CDATA[chrome]]>
              </value>
            </param>
            <param index="1">
              <value>
                <![CDATA[pratikd]]>
              </value>
            </param>
            <param index="2">
              <value>
                <![CDATA[connectMe123]]>
              </value>
            </param>
          </params>
          <exception class="java.lang.NullPointerException">
            <full-stacktrace>
              <![CDATA[java.lang.NullPointerException
	at pom.Calling.launchAWS(Calling.java:74)
	at tests.AWSCallingClass.setUPAWS(AWSCallingClass.java:25)
	at tests.TestBase.setUp(TestBase.java:124)
	at sun.reflect.NativeMethodAccessorImpl.invoke0(Native Method)
	at sun.reflect.NativeMethodAccessorImpl.invoke(NativeMethodAccessorImpl.java:62)
	at sun.reflect.DelegatingMethodAccessorImpl.invoke(DelegatingMethodAccessorImpl.java:43)
	at java.lang.reflect.Method.invoke(Method.java:498)
	at org.testng.internal.MethodInvocationHelper.invokeMethod(MethodInvocationHelper.java:86)
	at org.testng.internal.Invoker.invokeConfigurationMethod(Invoker.java:514)
	at org.testng.internal.Invoker.invokeConfigurations(Invoker.java:215)
	at org.testng.internal.Invoker.invokeConfigurations(Invoker.java:142)
	at org.testng.TestRunner.beforeRun(TestRunner.java:656)
	at org.testng.TestRunner.run(TestRunner.java:624)
	at org.testng.SuiteRunner.runTest(SuiteRunner.java:366)
	at org.testng.SuiteRunner.access$000(SuiteRunner.java:39)
	at org.testng.SuiteRunner$SuiteWorker.run(SuiteRunner.java:400)
	at org.testng.internal.thread.ThreadUtil$2.call(ThreadUtil.java:64)
	at java.util.concurrent.FutureTask.run(FutureTask.java:266)
	at java.util.concurrent.ThreadPoolExecutor.runWorker(ThreadPoolExecutor.java:1149)
	at java.util.concurrent.ThreadPoolExecutor$Worker.run(ThreadPoolExecutor.java:624)
	at java.lang.Thread.run(Thread.java:748)
]]>
            </full-stacktrace>
          </exception> <!-- java.lang.NullPointerException -->
          <reporter-output>
          </reporter-output>
        </test-method> <!-- setUp -->
        <test-method status="SKIP" signature="sipNumberCall()[pri:0, instance:tests.AWSCallingClass@4450d156]" name="sipNumberCall" duration-ms="1" started-at="2020-09-30T16:32:59Z" finished-at="2020-09-30T16:32:59Z">
          <reporter-output>
          </reporter-output>
        </test-method> <!-- sipNumberCall -->
        <test-method status="SKIP" signature="sipNumberCall()[pri:0, instance:tests.AWSCallingClass@4450d156]" name="sipNumberCall" duration-ms="5" started-at="2020-09-30T16:32:59Z" finished-at="2020-09-30T16:32:59Z">
          <reporter-output>
          </reporter-output>
        </test-method> <!-- sipNumberCall -->
        <test-method status="SKIP" signature="tearDown()[pri:0, instance:tests.AWSCallingClass@4450d156]" name="tearDown" is-config="true" duration-ms="0" started-at="2020-09-30T16:32:59Z" finished-at="2020-09-30T16:32:59Z">
          <reporter-output>
          </reporter-output>
        </test-method> <!-- tearDown -->
        <test-method status="SKIP" signature="close_connection()[pri:0, instance:tests.AWSCallingClass@4450d156]" name="close_connection" is-config="true" duration-ms="0" started-at="2020-09-30T16:32:59Z" finished-at="2020-09-30T16:32:59Z">
          <reporter-output>
          </reporter-output>
        </test-method> <!-- close_connection -->
      </class> <!-- tests.AWSCallingClass -->
    </test> <!-- SIP number test -->
  </suite> <!-- Automation Suite-1 -->
</testng-results>
