# JRE version: OpenJDK Runtime Environment (8.0_265-b01) (build 1.8.0_265-8u265-b01-0ubuntu2~18.04-b01)
# Java VM: OpenJDK 64-Bit Server VM (25.265-b01 mixed mode linux-amd64 compressed oops)
Heap:
 PSYoungGen      total 36352K, used 32448K [0x00000000d7980000, 0x00000000dc080000, 0x0000000100000000)
  eden space 31232K, 87% used [0x00000000d7980000,0x00000000d94324a0,0x00000000d9800000)
  from space 5120K, 99% used [0x00000000d9d00000,0x00000000da1fdcb8,0x00000000da200000)
  to   space 5120K, 0% used [0x00000000d9800000,0x00000000d9800000,0x00000000d9d00000)
 ParOldGen       total 83456K, used 1325K [0x0000000086c00000, 0x000000008bd80000, 0x00000000d7980000)
  object space 83456K, 1% used [0x0000000086c00000,0x0000000086d4b670,0x000000008bd80000)
 Metaspace       used 18930K, capacity 19442K, committed 19712K, reserved 1067008K
  class space    used 2315K, capacity 2487K, committed 2560K, reserved 1048576K
GC Heap History (4 events):
Event: 1.324 GC heap before
{Heap before GC invocations=1 (full 0):
 PSYoungGen      total 36352K, used 31232K [0x00000000d7980000, 0x00000000da200000, 0x0000000100000000)
  eden space 31232K, 100% used [0x00000000d7980000,0x00000000d9800000,0x00000000d9800000)
  from space 5120K, 0% used [0x00000000d9d00000,0x00000000d9d00000,0x00000000da200000)
  to   space 5120K, 0% used [0x00000000d9800000,0x00000000d9800000,0x00000000d9d00000)
 ParOldGen       total 83456K, used 0K [0x0000000086c00000, 0x000000008bd80000, 0x00000000d7980000)
  object space 83456K, 0% used [0x0000000086c00000,0x0000000086c00000,0x000000008bd80000)
 Metaspace       used 10541K, capacity 10698K, committed 10752K, reserved 1058816K
  class space    used 1218K, capacity 1265K, committed 1280K, reserved 1048576K
Event: 1.334 GC heap after
Heap after GC invocations=1 (full 0):
 PSYoungGen      total 36352K, used 5113K [0x00000000d7980000, 0x00000000da200000, 0x0000000100000000)
  eden space 31232K, 0% used [0x00000000d7980000,0x00000000d7980000,0x00000000d9800000)
  from space 5120K, 99% used [0x00000000d9800000,0x00000000d9cfe650,0x00000000d9d00000)
  to   space 5120K, 0% used [0x00000000d9d00000,0x00000000d9d00000,0x00000000da200000)
 ParOldGen       total 83456K, used 153K [0x0000000086c00000, 0x000000008bd80000, 0x00000000d7980000)
  object space 83456K, 0% used [0x0000000086c00000,0x0000000086c26410,0x000000008bd80000)
 Metaspace       used 10541K, capacity 10698K, committed 10752K, reserved 1058816K
  class space    used 1218K, capacity 1265K, committed 1280K, reserved 1048576K
}
Event: 2.331 GC heap before
{Heap before GC invocations=2 (full 0):
 PSYoungGen      total 36352K, used 36345K [0x00000000d7980000, 0x00000000da200000, 0x0000000100000000)
  eden space 31232K, 100% used [0x00000000d7980000,0x00000000d9800000,0x00000000d9800000)
  from space 5120K, 99% used [0x00000000d9800000,0x00000000d9cfe650,0x00000000d9d00000)
  to   space 5120K, 0% used [0x00000000d9d00000,0x00000000d9d00000,0x00000000da200000)
 ParOldGen       total 83456K, used 153K [0x0000000086c00000, 0x000000008bd80000, 0x00000000d7980000)
  object space 83456K, 0% used [0x0000000086c00000,0x0000000086c26410,0x000000008bd80000)
 Metaspace       used 15637K, capacity 15860K, committed 16128K, reserved 1062912K
  class space    used 1846K, capacity 1954K, committed 2048K, reserved 1048576K
Event: 2.361 GC heap after
Heap after GC invocations=2 (full 0):
 PSYoungGen      total 36352K, used 5111K [0x00000000d7980000, 0x00000000dc080000, 0x0000000100000000)
  eden space 31232K, 0% used [0x00000000d7980000,0x00000000d7980000,0x00000000d9800000)
  from space 5120K, 99% used [0x00000000d9d00000,0x00000000da1fdcb8,0x00000000da200000)
  to   space 5120K, 0% used [0x00000000d9800000,0x00000000d9800000,0x00000000d9d00000)
 ParOldGen       total 83456K, used 1325K [0x0000000086c00000, 0x000000008bd80000, 0x00000000d7980000)
  object space 83456K, 1% used [0x0000000086c00000,0x0000000086d4b670,0x000000008bd80000)
 Metaspace       used 15637K, capacity 15860K, committed 16128K, reserved 1062912K
  class space    used 1846K, capacity 1954K, committed 2048K, reserved 1048576K
}

